<?xml version="1.0" encoding="UTF-8"?>
<!-- Generated by org.testng.reporters.JUnitXMLReporter -->
<testsuite hostname="LAPTOP-BH638UES" ignored="0" name="Default test" tests="3" failures="0" timestamp="18 Jun 2019 11:18:11 GMT" time="71.815" errors="0">
  <testcase name="verifyLoginPageTest" time="0.134" classname="com.qa.hubspot.tests.LoginPageTestBy"/>
  <testcase name="verifySignUpLinkTest" time="0.117" classname="com.qa.hubspot.tests.LoginPageTestBy"/>
  <testcase name="hubSpotLoginTest" time="7.905" classname="com.qa.hubspot.tests.LoginPageTestBy"/>
</testsuite> <!-- Default test -->
