<?xml version="1.0" encoding="UTF-8"?>
<testsuite xmlns:xsi="http://www.w3.org/2001/XMLSchema-instance" xsi:noNamespaceSchemaLocation="https://maven.apache.org/surefire/maven-surefire-plugin/xsd/surefire-test-report.xsd" name="TestSuite" time="75.007" tests="3" errors="0" skipped="0" failures="1">
  <properties>
[...]
</properties>
  <testcase name="verifyLoginPageTest" classname="com.qa.hubspot.tests.LoginPageTestBy" time="0.656">
    <failure message="expected [HubSpot Login1234] but found [HubSpot Login]" type="java.lang.AssertionError">java.lang.AssertionError: expected [HubSpot Login1234] but found [HubSpot Login]
	at com.qa.hubspot.tests.LoginPageTestBy.verifyLoginPageTest(LoginPageTestBy.java:47)
</failure>
    <system-out><![CDATA[I am in onStart method hub spot regression Test
Test Suite started!
I am in onTestStart method verifyLoginPageTest start
verifyLoginPageTest started!
login page title is:HubSpot Login
I am in on TestFailure method verifyLoginPageTest failed
Screenshot captured for test case:verifyLoginPageTest
]]></system-out>
    <system-err><![CDATA[SLF4J: Failed to load class "org.slf4j.impl.StaticLoggerBinder".
SLF4J: Defaulting to no-operation (NOP) logger implementation
SLF4J: See http://www.slf4j.org/codes.html#StaticLoggerBinder for further details.
Starting ChromeDriver 2.46.628402 (536cd7adbad73a3783fdc2cab92ab2ba7ec361e1) on port 6026
Only local connections are allowed.
Please protect ports used by ChromeDriver and related test frameworks to prevent access by malicious code.
Jun 18, 2019 5:42:30 PM org.openqa.selenium.remote.ProtocolHandshake createSession
INFO: Detected dialect: OSS
]]></system-err>
  </testcase>
  <testcase name="verifySignUpLinkTest" classname="com.qa.hubspot.tests.LoginPageTestBy" time="0.139"/>
  <testcase name="hubSpotLoginTest" classname="com.qa.hubspot.tests.LoginPageTestBy" time="7.013"/>
</testsuite>