-------------------------------------------------------------------------------
Test set: TestSuite
-------------------------------------------------------------------------------
Tests run: 3, Failures: 1, Errors: 0, Skipped: 0, Time elapsed: 75.007 s <<< FAILURE! - in TestSuite
verifyLoginPageTest(com.qa.hubspot.tests.LoginPageTestBy)  Time elapsed: 0.656 s  <<< FAILURE!
java.lang.AssertionError: expected [HubSpot Login1234] but found [HubSpot Login]
	at com.qa.hubspot.tests.LoginPageTestBy.verifyLoginPageTest(LoginPageTestBy.java:47)

