<?xml version="1.0" encoding="UTF-8"?>
<testng-results skipped="0" failed="0" ignored="0" total="3" passed="3">
  <reporter-output>
  </reporter-output>
  <suite name="Default suite" duration-ms="71815" started-at="2019-06-18T11:16:59Z" finished-at="2019-06-18T11:18:11Z">
    <groups>
    </groups>
    <test name="Default test" duration-ms="71815" started-at="2019-06-18T11:16:59Z" finished-at="2019-06-18T11:18:11Z">
      <class name="com.qa.hubspot.tests.LoginPageTestBy">
        <test-method status="PASS" signature="setUp()[pri:0, instance:com.qa.hubspot.tests.LoginPageTestBy@5dbe30be]" name="setUp" is-config="true" duration-ms="21500" started-at="2019-06-18T11:16:59Z" finished-at="2019-06-18T11:17:21Z">
          <reporter-output>
          </reporter-output>
        </test-method> <!-- setUp -->
        <test-method status="PASS" signature="verifyLoginPageTest()[pri:1, instance:com.qa.hubspot.tests.LoginPageTestBy@5dbe30be]" name="verifyLoginPageTest" duration-ms="134" started-at="2019-06-18T11:17:21Z" description="verifying login page title test case" finished-at="2019-06-18T11:17:21Z">
          <reporter-output>
          </reporter-output>
        </test-method> <!-- verifyLoginPageTest -->
        <test-method status="PASS" signature="tearDown()[pri:0, instance:com.qa.hubspot.tests.LoginPageTestBy@5dbe30be]" name="tearDown" is-config="true" duration-ms="735" started-at="2019-06-18T11:17:21Z" finished-at="2019-06-18T11:17:22Z">
          <reporter-output>
          </reporter-output>
        </test-method> <!-- tearDown -->
        <test-method status="PASS" signature="setUp()[pri:0, instance:com.qa.hubspot.tests.LoginPageTestBy@5dbe30be]" name="setUp" is-config="true" duration-ms="19779" started-at="2019-06-18T11:17:22Z" finished-at="2019-06-18T11:17:42Z">
          <reporter-output>
          </reporter-output>
        </test-method> <!-- setUp -->
        <test-method status="PASS" signature="verifySignUpLinkTest()[pri:2, instance:com.qa.hubspot.tests.LoginPageTestBy@5dbe30be]" name="verifySignUpLinkTest" duration-ms="117" started-at="2019-06-18T11:17:42Z" finished-at="2019-06-18T11:17:42Z">
          <reporter-output>
          </reporter-output>
        </test-method> <!-- verifySignUpLinkTest -->
        <test-method status="PASS" signature="tearDown()[pri:0, instance:com.qa.hubspot.tests.LoginPageTestBy@5dbe30be]" name="tearDown" is-config="true" duration-ms="706" started-at="2019-06-18T11:17:42Z" finished-at="2019-06-18T11:17:43Z">
          <reporter-output>
          </reporter-output>
        </test-method> <!-- tearDown -->
        <test-method status="PASS" signature="setUp()[pri:0, instance:com.qa.hubspot.tests.LoginPageTestBy@5dbe30be]" name="setUp" is-config="true" duration-ms="19807" started-at="2019-06-18T11:17:43Z" finished-at="2019-06-18T11:18:02Z">
          <reporter-output>
          </reporter-output>
        </test-method> <!-- setUp -->
        <test-method status="PASS" signature="hubSpotLoginTest()[pri:3, instance:com.qa.hubspot.tests.LoginPageTestBy@5dbe30be]" name="hubSpotLoginTest" duration-ms="7905" started-at="2019-06-18T11:18:03Z" finished-at="2019-06-18T11:18:10Z">
          <reporter-output>
          </reporter-output>
        </test-method> <!-- hubSpotLoginTest -->
        <test-method status="PASS" signature="tearDown()[pri:0, instance:com.qa.hubspot.tests.LoginPageTestBy@5dbe30be]" name="tearDown" is-config="true" duration-ms="723" started-at="2019-06-18T11:18:10Z" finished-at="2019-06-18T11:18:11Z">
          <reporter-output>
          </reporter-output>
        </test-method> <!-- tearDown -->
      </class> <!-- com.qa.hubspot.tests.LoginPageTestBy -->
    </test> <!-- Default test -->
  </suite> <!-- Default suite -->
</testng-results>
